#
# There is insufficient memory for the Java Runtime Environment to continue.
# Native memory allocation (malloc) failed to allocate 32784 bytes for Chunk::new
# Possible reasons:
#   The system is out of physical RAM or swap space
#   The process is running with CompressedOops enabled, and the Java Heap may be blocking the growth of the native heap
# Possible solutions:
#   Reduce memory load on the system
#   Increase physical memory or swap space
#   Check if swap backing store is full
#   Decrease Java heap size (-Xmx/-Xms)
#   Decrease number of Java threads
#   Decrease Java thread stack sizes (-Xss)
#   Set larger code cache with -XX:ReservedCodeCacheSize=
#   JVM is running with Unscaled Compressed Oops mode in which the Java heap is
#     placed in the first 4GB address space. The Java Heap base address is the
#     maximum limit for the native heap growth. Please use -XX:HeapBaseMinAddress
#     to set the Java Heap base and to place the Java Heap above 4GB virtual address.
# This output file may be truncated or incomplete.
#
#  Out of Memory Error (allocation.cpp:389), pid=1296, tid=0x00000000000011e0
#
# JRE version: Java(TM) SE Runtime Environment (8.0_251-b08) (build 1.8.0_251-b08)
# Java VM: Java HotSpot(TM) 64-Bit Server VM (25.251-b08 mixed mode windows-amd64 compressed oops)
# Failed to write core dump. Minidumps are not enabled by default on client versions of Windows
#

---------------  T H R E A D  ---------------

Current thread (0x0000000056522000):  JavaThread "C2 CompilerThread1" daemon [_thread_in_native, id=4576, stack(0x0000000056ed0000,0x0000000056fd0000)]

Stack: [0x0000000056ed0000,0x0000000056fd0000]
[error occurred during error reporting (printing stack bounds), id 0xc0000005]

Native frames: (J=compiled Java code, j=interpreted, Vv=VM code, C=native code)


Current CompileTask:
C2: 419862 14429   !   4       org.springframework.web.servlet.mvc.method.annotation.AbstractMessageConverterMethodProcessor::writeWithMessageConverters (1086 bytes)


---------------  P R O C E S S  ---------------

Java Threads: ( => current thread )
  0x000000005b0cb000 JavaThread "WebSocket background processing" daemon [_thread_blocked, id=3308, stack(0x0000000063740000,0x0000000063840000)]
  0x000000005bdc0800 JavaThread "DestroyJavaVM" [_thread_blocked, id=6724, stack(0x0000000002590000,0x0000000002690000)]
  0x000000005bdbf800 JavaThread "http-nio-9090-Acceptor" daemon [_thread_in_native, id=5540, stack(0x0000000062c00000,0x0000000062d00000)]
  0x000000005bdbe800 JavaThread "http-nio-9090-ClientPoller" daemon [_thread_in_native, id=6244, stack(0x0000000062d00000,0x0000000062e00000)]
  0x000000005bdbe000 JavaThread "http-nio-9090-exec-10" daemon [_thread_blocked, id=4768, stack(0x0000000062820000,0x0000000062920000)]
  0x000000005bdbd000 JavaThread "http-nio-9090-exec-9" daemon [_thread_blocked, id=2596, stack(0x0000000062a40000,0x0000000062b40000)]
  0x000000005bdbc800 JavaThread "http-nio-9090-exec-8" daemon [_thread_blocked, id=4352, stack(0x0000000062920000,0x0000000062a20000)]
  0x000000005bdbb800 JavaThread "http-nio-9090-exec-7" daemon [_thread_blocked, id=2116, stack(0x00000000626c0000,0x00000000627c0000)]
  0x000000005bdbb000 JavaThread "http-nio-9090-exec-6" daemon [_thread_blocked, id=7028, stack(0x00000000625a0000,0x00000000626a0000)]
  0x000000005bdba000 JavaThread "http-nio-9090-exec-5" daemon [_thread_blocked, id=3948, stack(0x0000000062120000,0x0000000062220000)]
  0x0000000057712000 JavaThread "http-nio-9090-exec-4" daemon [_thread_blocked, id=3740, stack(0x00000000623b0000,0x00000000624b0000)]
  0x0000000057711800 JavaThread "http-nio-9090-exec-3" daemon [_thread_blocked, id=1972, stack(0x0000000062230000,0x0000000062330000)]
  0x0000000057710800 JavaThread "http-nio-9090-exec-2" daemon [_thread_blocked, id=6564, stack(0x0000000061f60000,0x0000000062060000)]
  0x0000000057710000 JavaThread "http-nio-9090-exec-1" daemon [_thread_blocked, id=5172, stack(0x0000000061e40000,0x0000000061f40000)]
  0x000000005770f000 JavaThread "http-nio-9090-BlockPoller" daemon [_thread_in_native, id=3452, stack(0x0000000060e20000,0x0000000060f20000)]
  0x000000005770e800 JavaThread "container-0" [_thread_blocked, id=6436, stack(0x0000000060ac0000,0x0000000060bc0000)]
  0x000000005770d800 JavaThread "Catalina-utility-2" [_thread_blocked, id=1252, stack(0x000000005f1a0000,0x000000005f2a0000)]
  0x000000005770c000 JavaThread "Catalina-utility-1" [_thread_blocked, id=4124, stack(0x0000000061130000,0x0000000061230000)]
  0x000000005770b800 JavaThread "HikariPool-1 housekeeper" daemon [_thread_blocked, id=3044, stack(0x0000000058ff0000,0x00000000590f0000)]
  0x000000005a0b4000 JavaThread "mysql-cj-abandoned-connection-cleanup" daemon [_thread_blocked, id=6772, stack(0x0000000057000000,0x0000000057100000)]
  0x000000005652e800 JavaThread "Service Thread" daemon [_thread_blocked, id=596, stack(0x0000000057140000,0x0000000057240000)]
  0x0000000056523000 JavaThread "C1 CompilerThread2" daemon [_thread_blocked, id=5416, stack(0x00000000568d0000,0x00000000569d0000)]
=>0x0000000056522000 JavaThread "C2 CompilerThread1" daemon [_thread_in_native, id=4576, stack(0x0000000056ed0000,0x0000000056fd0000)]
  0x000000005506f000 JavaThread "C2 CompilerThread0" daemon [_thread_blocked, id=6240, stack(0x0000000056d20000,0x0000000056e20000)]
  0x000000005506c000 JavaThread "Attach Listener" daemon [_thread_blocked, id=6796, stack(0x0000000056b40000,0x0000000056c40000)]
  0x00000000564cc800 JavaThread "Signal Dispatcher" daemon [_thread_blocked, id=3652, stack(0x00000000569d0000,0x0000000056ad0000)]
  0x000000005504d000 JavaThread "Finalizer" daemon [_thread_blocked, id=288, stack(0x0000000056260000,0x0000000056360000)]
  0x000000005504c000 JavaThread "Reference Handler" daemon [_thread_blocked, id=1228, stack(0x00000000563c0000,0x00000000564c0000)]

Other Threads:
  0x0000000055000800 VMThread [stack: 0x0000000056140000,0x0000000056240000] [id=1216]
  0x000000005652a000 WatcherThread [stack: 0x00000000572c0000,0x00000000573c0000] [id=6812]

VM state:not at safepoint (normal execution)

VM Mutex/Monitor currently owned by a thread: None

heap address: 0x00000000c1600000, size: 1002 MB, Compressed Oops mode: 32-bit
Narrow klass base: 0x0000000000000000, Narrow klass shift: 0
Compressed class space size: 1073741824 Address: 0x0000000014670000

Heap:
 PSYoungGen      total 267776K, used 181316K [0x00000000eb200000, 0x00000000fd100000, 0x0000000100000000)
  eden space 248320K, 72% used [0x00000000eb200000,0x00000000f6279280,0x00000000fa480000)
  from space 19456K, 3% used [0x00000000fa480000,0x00000000fa518020,0x00000000fb780000)
  to   space 19456K, 0% used [0x00000000fbe00000,0x00000000fbe00000,0x00000000fd100000)
 ParOldGen       total 82944K, used 36233K [0x00000000c1600000, 0x00000000c6700000, 0x00000000eb200000)
  object space 82944K, 43% used [0x00000000c1600000,0x00000000c3962560,0x00000000c6700000)
 Metaspace       used 75290K, capacity 80294K, committed 80536K, reserved 1120256K
  class space    used 9881K, capacity 10672K, committed 10672K, reserved 1048576K

Card table byte_map: [0x0000000011d20000,0x0000000011f20000] byte_map_base: 0x0000000011715000

Marking Bits: (ParMarkBitMap*) 0x0000000070e1af90
 Begin Bits: [0x0000000012520000, 0x00000000134c8000)
 End Bits:   [0x00000000134c8000, 0x0000000014470000)

Polling page: 0x0000000000120000

CodeCache: size=245760Kb used=39013Kb max_used=41024Kb free=206746Kb
 bounds [0x0000000002960000, 0x0000000005270000, 0x0000000011960000]
 total_blobs=11823 nmethods=11225 adapters=507
 compilation: enabled

Compilation events (10 events):
Event: 414.631 Thread 0x000000005506f000 nmethod 14425 0x0000000003fb9b50 code [0x0000000003fb9cc0, 0x0000000003fba7b8]
Event: 415.341 Thread 0x0000000056522000 14426       4       org.springframework.util.MimeType$SpecificityComparator::compare (103 bytes)
Event: 415.360 Thread 0x0000000056522000 nmethod 14426 0x0000000004754010 code [0x00000000047541c0, 0x0000000004754dc8]
Event: 415.648 Thread 0x000000005506f000 14427       4       org.apache.coyote.http11.Http11Processor::statusDropsConnection (62 bytes)
Event: 415.650 Thread 0x000000005506f000 nmethod 14427 0x0000000004c28450 code [0x0000000004c285a0, 0x0000000004c28698]
Event: 417.132 Thread 0x0000000056523000 14428   !   3       java.util.concurrent.ConcurrentHashMap::replaceNode (416 bytes)
Event: 417.134 Thread 0x0000000056523000 nmethod 14428 0x0000000004fbad50 code [0x0000000004fbb020, 0x0000000004fbca48]
Event: 417.194 Thread 0x0000000056522000 14429   !   4       org.springframework.web.servlet.mvc.method.annotation.AbstractMessageConverterMethodProcessor::writeWithMessageConverters (1086 bytes)
Event: 417.278 Thread 0x000000005506f000 14430       4       org.springframework.web.servlet.mvc.method.annotation.RequestResponseBodyAdviceChain::processBody (71 bytes)
Event: 417.287 Thread 0x000000005506f000 nmethod 14430 0x0000000004bd01d0 code [0x0000000004bd0360, 0x0000000004bd0858]

GC Heap History (10 events):
Event: 262.594 GC heap before
{Heap before GC invocations=34 (full 3):
 PSYoungGen      total 244224K, used 238432K [0x00000000eb200000, 0x00000000fb200000, 0x0000000100000000)
  eden space 226304K, 100% used [0x00000000eb200000,0x00000000f8f00000,0x00000000f8f00000)
  from space 17920K, 67% used [0x00000000fa080000,0x00000000fac58120,0x00000000fb200000)
  to   space 17920K, 0% used [0x00000000f8f00000,0x00000000f8f00000,0x00000000fa080000)
 ParOldGen       total 82944K, used 24799K [0x00000000c1600000, 0x00000000c6700000, 0x00000000eb200000)
  object space 82944K, 29% used [0x00000000c1600000,0x00000000c2e37d60,0x00000000c6700000)
 Metaspace       used 75218K, capacity 80294K, committed 80536K, reserved 1120256K
  class space    used 9877K, capacity 10672K, committed 10672K, reserved 1048576K
Event: 262.780 GC heap after
Heap after GC invocations=34 (full 3):
 PSYoungGen      total 244224K, used 7712K [0x00000000eb200000, 0x00000000fc200000, 0x0000000100000000)
  eden space 226304K, 0% used [0x00000000eb200000,0x00000000eb200000,0x00000000f8f00000)
  from space 17920K, 43% used [0x00000000f8f00000,0x00000000f96880e0,0x00000000fa080000)
  to   space 17920K, 0% used [0x00000000fb080000,0x00000000fb080000,0x00000000fc200000)
 ParOldGen       total 82944K, used 29155K [0x00000000c1600000, 0x00000000c6700000, 0x00000000eb200000)
  object space 82944K, 35% used [0x00000000c1600000,0x00000000c3278db0,0x00000000c6700000)
 Metaspace       used 75218K, capacity 80294K, committed 80536K, reserved 1120256K
  class space    used 9877K, capacity 10672K, committed 10672K, reserved 1048576K
}
Event: 279.153 GC heap before
{Heap before GC invocations=35 (full 3):
 PSYoungGen      total 244224K, used 234016K [0x00000000eb200000, 0x00000000fc200000, 0x0000000100000000)
  eden space 226304K, 100% used [0x00000000eb200000,0x00000000f8f00000,0x00000000f8f00000)
  from space 17920K, 43% used [0x00000000f8f00000,0x00000000f96880e0,0x00000000fa080000)
  to   space 17920K, 0% used [0x00000000fb080000,0x00000000fb080000,0x00000000fc200000)
 ParOldGen       total 82944K, used 29155K [0x00000000c1600000, 0x00000000c6700000, 0x00000000eb200000)
  object space 82944K, 35% used [0x00000000c1600000,0x00000000c3278db0,0x00000000c6700000)
 Metaspace       used 75244K, capacity 80294K, committed 80536K, reserved 1120256K
  class space    used 9880K, capacity 10672K, committed 10672K, reserved 1048576K
Event: 279.191 GC heap after
Heap after GC invocations=35 (full 3):
 PSYoungGen      total 256512K, used 2952K [0x00000000eb200000, 0x00000000fc080000, 0x0000000100000000)
  eden space 240128K, 0% used [0x00000000eb200000,0x00000000eb200000,0x00000000f9c80000)
  from space 16384K, 18% used [0x00000000fb080000,0x00000000fb3620e0,0x00000000fc080000)
  to   space 18432K, 0% used [0x00000000f9c80000,0x00000000f9c80000,0x00000000fae80000)
 ParOldGen       total 82944K, used 33927K [0x00000000c1600000, 0x00000000c6700000, 0x00000000eb200000)
  object space 82944K, 40% used [0x00000000c1600000,0x00000000c3721d20,0x00000000c6700000)
 Metaspace       used 75244K, capacity 80294K, committed 80536K, reserved 1120256K
  class space    used 9880K, capacity 10672K, committed 10672K, reserved 1048576K
}
Event: 306.774 GC heap before
{Heap before GC invocations=36 (full 3):
 PSYoungGen      total 256512K, used 243080K [0x00000000eb200000, 0x00000000fc080000, 0x0000000100000000)
  eden space 240128K, 100% used [0x00000000eb200000,0x00000000f9c80000,0x00000000f9c80000)
  from space 16384K, 18% used [0x00000000fb080000,0x00000000fb3620e0,0x00000000fc080000)
  to   space 18432K, 0% used [0x00000000f9c80000,0x00000000f9c80000,0x00000000fae80000)
 ParOldGen       total 82944K, used 33927K [0x00000000c1600000, 0x00000000c6700000, 0x00000000eb200000)
  object space 82944K, 40% used [0x00000000c1600000,0x00000000c3721d20,0x00000000c6700000)
 Metaspace       used 75248K, capacity 80294K, committed 80536K, reserved 1120256K
  class space    used 9880K, capacity 10672K, committed 10672K, reserved 1048576K
Event: 306.810 GC heap after
Heap after GC invocations=36 (full 3):
 PSYoungGen      total 258560K, used 800K [0x00000000eb200000, 0x00000000fcb80000, 0x0000000100000000)
  eden space 240128K, 0% used [0x00000000eb200000,0x00000000eb200000,0x00000000f9c80000)
  from space 18432K, 4% used [0x00000000f9c80000,0x00000000f9d48020,0x00000000fae80000)
  to   space 18944K, 0% used [0x00000000fb900000,0x00000000fb900000,0x00000000fcb80000)
 ParOldGen       total 82944K, used 36105K [0x00000000c1600000, 0x00000000c6700000, 0x00000000eb200000)
  object space 82944K, 43% used [0x00000000c1600000,0x00000000c3942560,0x00000000c6700000)
 Metaspace       used 75248K, capacity 80294K, committed 80536K, reserved 1120256K
  class space    used 9880K, capacity 10672K, committed 10672K, reserved 1048576K
}
Event: 335.025 GC heap before
{Heap before GC invocations=37 (full 3):
 PSYoungGen      total 258560K, used 240928K [0x00000000eb200000, 0x00000000fcb80000, 0x0000000100000000)
  eden space 240128K, 100% used [0x00000000eb200000,0x00000000f9c80000,0x00000000f9c80000)
  from space 18432K, 4% used [0x00000000f9c80000,0x00000000f9d48020,0x00000000fae80000)
  to   space 18944K, 0% used [0x00000000fb900000,0x00000000fb900000,0x00000000fcb80000)
 ParOldGen       total 82944K, used 36105K [0x00000000c1600000, 0x00000000c6700000, 0x00000000eb200000)
  object space 82944K, 43% used [0x00000000c1600000,0x00000000c3942560,0x00000000c6700000)
 Metaspace       used 75258K, capacity 80294K, committed 80536K, reserved 1120256K
  class space    used 9881K, capacity 10672K, committed 10672K, reserved 1048576K
Event: 335.030 GC heap after
Heap after GC invocations=37 (full 3):
 PSYoungGen      total 266240K, used 784K [0x00000000eb200000, 0x00000000fca80000, 0x0000000100000000)
  eden space 248320K, 0% used [0x00000000eb200000,0x00000000eb200000,0x00000000fa480000)
  from space 17920K, 4% used [0x00000000fb900000,0x00000000fb9c4030,0x00000000fca80000)
  to   space 19456K, 0% used [0x00000000fa480000,0x00000000fa480000,0x00000000fb780000)
 ParOldGen       total 82944K, used 36193K [0x00000000c1600000, 0x00000000c6700000, 0x00000000eb200000)
  object space 82944K, 43% used [0x00000000c1600000,0x00000000c3958560,0x00000000c6700000)
 Metaspace       used 75258K, capacity 80294K, committed 80536K, reserved 1120256K
  class space    used 9881K, capacity 10672K, committed 10672K, reserved 1048576K
}
Event: 397.102 GC heap before
{Heap before GC invocations=38 (full 3):
 PSYoungGen      total 266240K, used 249104K [0x00000000eb200000, 0x00000000fca80000, 0x0000000100000000)
  eden space 248320K, 100% used [0x00000000eb200000,0x00000000fa480000,0x00000000fa480000)
  from space 17920K, 4% used [0x00000000fb900000,0x00000000fb9c4030,0x00000000fca80000)
  to   space 19456K, 0% used [0x00000000fa480000,0x00000000fa480000,0x00000000fb780000)
 ParOldGen       total 82944K, used 36193K [0x00000000c1600000, 0x00000000c6700000, 0x00000000eb200000)
  object space 82944K, 43% used [0x00000000c1600000,0x00000000c3958560,0x00000000c6700000)
 Metaspace       used 75280K, capacity 80294K, committed 80536K, reserved 1120256K
  class space    used 9881K, capacity 10672K, committed 10672K, reserved 1048576K
Event: 397.119 GC heap after
Heap after GC invocations=38 (full 3):
 PSYoungGen      total 267776K, used 608K [0x00000000eb200000, 0x00000000fd100000, 0x0000000100000000)
  eden space 248320K, 0% used [0x00000000eb200000,0x00000000eb200000,0x00000000fa480000)
  from space 19456K, 3% used [0x00000000fa480000,0x00000000fa518020,0x00000000fb780000)
  to   space 19456K, 0% used [0x00000000fbe00000,0x00000000fbe00000,0x00000000fd100000)
 ParOldGen       total 82944K, used 36233K [0x00000000c1600000, 0x00000000c6700000, 0x00000000eb200000)
  object space 82944K, 43% used [0x00000000c1600000,0x00000000c3962560,0x00000000c6700000)
 Metaspace       used 75280K, capacity 80294K, committed 80536K, reserved 1120256K
  class space    used 9881K, capacity 10672K, committed 10672K, reserved 1048576K
}

Deoptimization events (10 events):
Event: 398.343 Thread 0x0000000057712000 Uncommon trap: reason=unstable_if action=reinterpret pc=0x0000000003faf4fc method=org.springframework.web.method.HandlerMethod$ReturnValueMethodParameter.getParameterType()Ljava/lang/Class; @ 4
Event: 398.343 Thread 0x0000000057712000 Uncommon trap: reason=unstable_if action=reinterpret pc=0x0000000004068f24 method=org.springframework.web.method.HandlerMethod$ReturnValueMethodParameter.getParameterType()Ljava/lang/Class; @ 4
Event: 398.343 Thread 0x0000000057712000 Uncommon trap: reason=unstable_if action=reinterpret pc=0x0000000004b55090 method=org.springframework.web.method.HandlerMethod$ReturnValueMethodParameter.getParameterType()Ljava/lang/Class; @ 4
Event: 398.343 Thread 0x0000000057712000 Uncommon trap: reason=unstable_if action=reinterpret pc=0x0000000004140c54 method=org.springframework.web.method.HandlerMethod$ReturnValueMethodParameter.getParameterType()Ljava/lang/Class; @ 4
Event: 398.343 Thread 0x0000000057712000 Uncommon trap: reason=unstable_if action=reinterpret pc=0x00000000042d6458 method=org.springframework.web.method.HandlerMethod$ReturnValueMethodParameter.getParameterType()Ljava/lang/Class; @ 4
Event: 398.343 Thread 0x0000000057712000 Uncommon trap: reason=unstable_if action=reinterpret pc=0x0000000005238d1c method=org.springframework.web.servlet.mvc.method.annotation.AbstractMessageConverterMethodProcessor.getReturnValueType(Ljava/lang/Object;Lorg/springframework/core/MethodParameter;
Event: 398.425 Thread 0x000000005bdbb000 Uncommon trap: reason=bimorphic action=maybe_recompile pc=0x0000000004df1da4 method=org.springframework.core.MethodParameter.getParameterType()Ljava/lang/Class; @ 12
Event: 398.443 Thread 0x000000005bdbc800 Uncommon trap: reason=bimorphic action=maybe_recompile pc=0x0000000004df1da4 method=org.springframework.core.MethodParameter.getParameterType()Ljava/lang/Class; @ 12
Event: 398.503 Thread 0x000000005bdbd000 Uncommon trap: reason=bimorphic action=maybe_recompile pc=0x0000000004df1da4 method=org.springframework.core.MethodParameter.getParameterType()Ljava/lang/Class; @ 12
Event: 416.971 Thread 0x0000000057712000 Uncommon trap: reason=unstable_if action=reinterpret pc=0x0000000003fc4c08 method=java.util.concurrent.ConcurrentHashMap.addCount(JI)V @ 97

Classes redefined (0 events):
No events

Internal exceptions (10 events):
Event: 398.343 Thread 0x0000000057712000 Implicit null exception at 0x00000000046bfdcd to 0x00000000046bfe41
Event: 398.343 Thread 0x0000000057712000 Implicit null exception at 0x0000000004122474 to 0x0000000004122581
Event: 398.343 Thread 0x0000000057712000 Implicit null exception at 0x00000000049e0fa0 to 0x00000000049e0fb4
Event: 398.343 Thread 0x0000000057712000 Implicit null exception at 0x0000000003c351d1 to 0x0000000003c35279
Event: 398.343 Thread 0x0000000057712000 Implicit null exception at 0x0000000003faf48d to 0x0000000003faf4ed
Event: 398.343 Thread 0x0000000057712000 Implicit null exception at 0x0000000004068ecd to 0x0000000004068f15
Event: 398.343 Thread 0x0000000057712000 Implicit null exception at 0x0000000004b5500d to 0x0000000004b55081
Event: 398.343 Thread 0x0000000057712000 Implicit null exception at 0x0000000004140b51 to 0x0000000004140c45
Event: 398.343 Thread 0x0000000057712000 Implicit null exception at 0x00000000042d640d to 0x00000000042d6449
Event: 398.343 Thread 0x0000000057712000 Implicit null exception at 0x0000000005232e80 to 0x0000000005238ce9

Events (10 events):
Event: 398.425 Thread 0x000000005bdbb000 DEOPT UNPACKING pc=0x00000000029a583b sp=0x000000006269cba0 mode 2
Event: 398.443 Thread 0x000000005bdbc800 Uncommon trap: trap_request=0xffffffc6 fr.pc=0x0000000004df1da4
Event: 398.443 Thread 0x000000005bdbc800 DEOPT PACKING pc=0x0000000004df1da4 sp=0x0000000062a1ca60
Event: 398.443 Thread 0x000000005bdbc800 DEOPT UNPACKING pc=0x00000000029a583b sp=0x0000000062a1ca60 mode 2
Event: 398.503 Thread 0x000000005bdbd000 Uncommon trap: trap_request=0xffffffc6 fr.pc=0x0000000004df1da4
Event: 398.503 Thread 0x000000005bdbd000 DEOPT PACKING pc=0x0000000004df1da4 sp=0x0000000062b3cbe0
Event: 398.503 Thread 0x000000005bdbd000 DEOPT UNPACKING pc=0x00000000029a583b sp=0x0000000062b3cbd8 mode 2
Event: 416.971 Thread 0x0000000057712000 Uncommon trap: trap_request=0xffffff65 fr.pc=0x0000000003fc4c08
Event: 416.971 Thread 0x0000000057712000 DEOPT PACKING pc=0x0000000003fc4c08 sp=0x00000000624aec20
Event: 416.971 Thread 0x0000000057712000 DEOPT UNPACKING pc=0x00000000029a583b sp=0x00000000624aeb08 mode 2


Dynamic libraries:
0x000000013fe50000 - 0x000000013fe87000 	C:\Program Files\Java\jdk1.8.0_251\bin\javaw.exe
0x0000000077500000 - 0x000000007769f000 	C:\Windows\SYSTEM32\ntdll.dll
0x00000000773e0000 - 0x00000000774ff000 	C:\Windows\system32\kernel32.dll
0x000007fefd2b0000 - 0x000007fefd31a000 	C:\Windows\system32\KERNELBASE.dll
0x000007fefeba0000 - 0x000007fefec7b000 	C:\Windows\system32\ADVAPI32.dll
0x000007feff750000 - 0x000007feff7ef000 	C:\Windows\system32\msvcrt.dll
0x000007fefe800000 - 0x000007fefe81f000 	C:\Windows\SYSTEM32\sechost.dll
0x000007fefed60000 - 0x000007fefee8d000 	C:\Windows\system32\RPCRT4.dll
0x00000000772e0000 - 0x00000000773da000 	C:\Windows\system32\USER32.dll
0x000007fefee90000 - 0x000007fefeef7000 	C:\Windows\system32\GDI32.dll
0x000007fefe4c0000 - 0x000007fefe4ce000 	C:\Windows\system32\LPK.dll
0x000007fefd500000 - 0x000007fefd5cb000 	C:\Windows\system32\USP10.dll
0x000007fefb200000 - 0x000007fefb3f4000 	C:\Windows\WinSxS\amd64_microsoft.windows.common-controls_6595b64144ccf1df_6.0.7601.18837_none_fa3b1e3d17594757\COMCTL32.dll
0x000007fefefa0000 - 0x000007feff011000 	C:\Windows\system32\SHLWAPI.dll
0x000007fefe530000 - 0x000007fefe55e000 	C:\Windows\system32\IMM32.DLL
0x000007fefe3b0000 - 0x000007fefe4b9000 	C:\Windows\system32\MSCTF.dll
0x0000000073c70000 - 0x0000000073d42000 	C:\Program Files\Java\jdk1.8.0_251\jre\bin\msvcr100.dll
0x00000000705f0000 - 0x0000000070e9b000 	C:\Program Files\Java\jdk1.8.0_251\jre\bin\server\jvm.dll
0x000007fef4ea0000 - 0x000007fef4ea9000 	C:\Windows\system32\WSOCK32.dll
0x000007fefd5d0000 - 0x000007fefd61d000 	C:\Windows\system32\WS2_32.dll
0x000007fefea00000 - 0x000007fefea08000 	C:\Windows\system32\NSI.dll
0x000007fefbb00000 - 0x000007fefbb3b000 	C:\Windows\system32\WINMM.dll
0x000007fefc180000 - 0x000007fefc18c000 	C:\Windows\system32\VERSION.dll
0x00000000776b0000 - 0x00000000776b7000 	C:\Windows\system32\PSAPI.DLL
0x000007feeeb60000 - 0x000007feeeb6f000 	C:\Program Files\Java\jdk1.8.0_251\jre\bin\verify.dll
0x000007fee7470000 - 0x000007fee7499000 	C:\Program Files\Java\jdk1.8.0_251\jre\bin\java.dll
0x000007feeb170000 - 0x000007feeb186000 	C:\Program Files\Java\jdk1.8.0_251\jre\bin\zip.dll
0x000007fefd620000 - 0x000007fefe3ab000 	C:\Windows\system32\SHELL32.dll
0x000007fefe600000 - 0x000007fefe7fd000 	C:\Windows\system32\ole32.dll
0x000007fefd0b0000 - 0x000007fefd0bf000 	C:\Windows\system32\profapi.dll
0x000007feeeb70000 - 0x000007feeeb7d000 	C:\Program Files\Java\jdk1.8.0_251\jre\bin\management.dll
0x000007feeeb20000 - 0x000007feeeb3a000 	C:\Program Files\Java\jdk1.8.0_251\jre\bin\net.dll
0x000007fefc870000 - 0x000007fefc8c5000 	C:\Windows\system32\mswsock.dll
0x000007fefc860000 - 0x000007fefc867000 	C:\Windows\System32\wship6.dll
0x000007fefb410000 - 0x000007fefb425000 	C:\Windows\system32\NLAapi.dll
0x000007fef1e50000 - 0x000007fef1e65000 	C:\Windows\system32\napinsp.dll
0x000007fef1e10000 - 0x000007fef1e29000 	C:\Windows\system32\pnrpnsp.dll
0x000007fefc6f0000 - 0x000007fefc74b000 	C:\Windows\system32\DNSAPI.dll
0x000007fef1e00000 - 0x000007fef1e0b000 	C:\Windows\System32\winrnr.dll
0x000007fefc250000 - 0x000007fefc257000 	C:\Windows\System32\wshtcpip.dll
0x000007fefb480000 - 0x000007fefb4a7000 	C:\Windows\system32\IPHLPAPI.DLL
0x000007fefb470000 - 0x000007fefb47b000 	C:\Windows\system32\WINNSI.DLL
0x000007fef8ce0000 - 0x000007fef8ce8000 	C:\Windows\system32\rasadhlp.dll
0x000007fef9c00000 - 0x000007fef9c53000 	C:\Windows\System32\fwpuclnt.dll
0x000007fee74b0000 - 0x000007fee74c2000 	C:\Program Files\Java\jdk1.8.0_251\jre\bin\nio.dll
0x000007fefc8d0000 - 0x000007fefc8e8000 	C:\Windows\system32\CRYPTSP.dll
0x000007fefc5d0000 - 0x000007fefc617000 	C:\Windows\system32\rsaenh.dll
0x000007fefd0c0000 - 0x000007fefd0de000 	C:\Windows\system32\USERENV.dll
0x000007fefcf40000 - 0x000007fefcf4f000 	C:\Windows\system32\CRYPTBASE.dll
0x000007fef9bd0000 - 0x000007fef9be1000 	C:\Windows\system32\dhcpcsvc6.DLL
0x000007fef9f70000 - 0x000007fef9f88000 	C:\Windows\system32\dhcpcsvc.DLL
0x000007fee70d0000 - 0x000007fee70f4000 	C:\Program Files\Java\jdk1.8.0_251\jre\bin\sunec.dll
0x000007fee74a0000 - 0x000007fee74ac000 	C:\Program Files\Java\jdk1.8.0_251\jre\bin\sunmscapi.dll
0x000007fefd120000 - 0x000007fefd28d000 	C:\Windows\system32\CRYPT32.dll
0x000007fefd0a0000 - 0x000007fefd0af000 	C:\Windows\system32\MSASN1.dll
0x000007fefca50000 - 0x000007fefcaa0000 	C:\Windows\system32\ncrypt.dll
0x000007fefca20000 - 0x000007fefca42000 	C:\Windows\system32\bcrypt.dll

VM Arguments:
jvm_args: -Dfile.encoding=UTF-8 
java_command: com.login.jwt.JwtLoginApplication
java_class_path (initial): C:\Users\ibrahim\git\Back-end\jwt\target\classes;C:\Users\ibrahim\.m2\repository\org\springframework\boot\spring-boot-starter\2.4.5\spring-boot-starter-2.4.5.jar;C:\Users\ibrahim\.m2\repository\org\springframework\boot\spring-boot\2.4.5\spring-boot-2.4.5.jar;C:\Users\ibrahim\.m2\repository\org\springframework\boot\spring-boot-autoconfigure\2.4.5\spring-boot-autoconfigure-2.4.5.jar;C:\Users\ibrahim\.m2\repository\org\springframework\boot\spring-boot-starter-logging\2.4.5\spring-boot-starter-logging-2.4.5.jar;C:\Users\ibrahim\.m2\repository\ch\qos\logback\logback-classic\1.2.3\logback-classic-1.2.3.jar;C:\Users\ibrahim\.m2\repository\ch\qos\logback\logback-core\1.2.3\logback-core-1.2.3.jar;C:\Users\ibrahim\.m2\repository\org\apache\logging\log4j\log4j-to-slf4j\2.13.3\log4j-to-slf4j-2.13.3.jar;C:\Users\ibrahim\.m2\repository\org\apache\logging\log4j\log4j-api\2.13.3\log4j-api-2.13.3.jar;C:\Users\ibrahim\.m2\repository\org\slf4j\jul-to-slf4j\1.7.30\jul-to-slf4j-1.7.30.jar;C:\Users\ibrahim\.m2\repository\jakarta\annotation\jakarta.annotation-api\1.3.5\jakarta.annotation-api-1.3.5.jar;C:\Users\ibrahim\.m2\repository\org\springframework\spring-core\5.3.6\spring-core-5.3.6.jar;C:\Users\ibrahim\.m2\repository\org\springframework\spring-jcl\5.3.6\spring-jcl-5.3.6.jar;C:\Users\ibrahim\.m2\repository\org\yaml\snakeyaml\1.27\snakeyaml-1.27.jar;C:\Users\ibrahim\.m2\repository\jakarta\xml\bind\jakarta.xml.bind-api\2.3.3\jakarta.xml.bind-api-2.3.3.jar;C:\Users\ibrahim\.m2\repository\jakarta\activation\jakarta.activation-api\1.2.2\jakarta.activation-api-1.2.2.jar;C:\Users\ibrahim\.m2\repository\net\bytebuddy\byte-buddy\1.10.22\byte-buddy-1.10.22.jar;C:\Users\ibrahim\.m2\repository\org\springframework\boot\spring-boot-starter-data-jpa\2.4.5\spring-boot-starter-data-jpa-2.4.5.jar;C:\Users\ibrahim\.m2\repository\org\springframework\boot\spring-boot-starter-aop\2.4.5\spring-boot-starter-aop-2.4.5.jar;C:\Users\ibrahim\.m2\repository\org\aspectj\aspectjweaver\
Launcher Type: SUN_STANDARD

Environment Variables:
JAVA_HOME=D:\open-jdk8
CLASSPATH=C:\Program Files\Java\jdk-15.0.1\lib/*.jar
PATH=C:/Users/ibrahim/Desktop/sts/sts-4.13.0.RELEASE//plugins/org.eclipse.justj.openjdk.hotspot.jre.full.win32.x86_64_17.0.1.v20211116-1657/jre/bin/server;C:/Users/ibrahim/Desktop/sts/sts-4.13.0.RELEASE//plugins/org.eclipse.justj.openjdk.hotspot.jre.full.win32.x86_64_17.0.1.v20211116-1657/jre/bin;C:\Program Files (x86)\Common Files\Oracle\Java\javapath;E:\oracle\app\oracle\product\11.2.0\server\bin;C:\Windows\system32;C:\Windows;C:\Windows\System32\Wbem;E:\java\jdk-15.0.1\bin;C:\Program Files\nodejs\;C:\php-7.4.15;C:\ProgramData\ComposerSetup\bin;C:\php-7.4.15;E:\Git\cmd;E:\Putty\;C:\Windows\System32\WindowsPowerShell\v1.0\;C:\laragon\bin\postgresql\postgresql-11.0-1\bin;C:\Users\ibrahim\AppData\Local\Programs\Python\Python38\Scripts\;C:\Users\ibrahim\AppData\Local\Programs\Python\Python38\;C:\Users\ibrahim\AppData\Local\Programs\Microsoft VS Code\bin;C:\Users\ibrahim\AppData\Roaming\npm;C:\php-7.4.15;C:\Users\ibrahim\AppData\Roaming\Composer\vendor\bin;C:\php-7.4.15;C:\ProgramData\ComposerSetup\bin;E:\mongoDB\bin;C:\laragon\bin\postgresql\postgresql-11.0-1\bin;C:\Users\ibrahim\Desktop\sts\sts-4.13.0.RELEASE;
USERNAME=ibrahim
OS=Windows_NT
PROCESSOR_IDENTIFIER=Intel64 Family 6 Model 42 Stepping 7, GenuineIntel



---------------  S Y S T E M  ---------------

OS: Windows 7 , 64 bit Build 7601 (6.1.7601.24214)

CPU:total 4 (initial active 4) (2 cores per cpu, 2 threads per core) family 6 model 42 stepping 7, cmov, cx8, fxsr, mmx, sse, sse2, sse3, ssse3, sse4.1, sse4.2, popcnt, avx, aes, clmul, ht, tsc, tscinvbit

Memory: 4k page, physical 4099984k(193536k free), swap 13155040k(2264k free)

vm_info: Java HotSpot(TM) 64-Bit Server VM (25.251-b08) for windows-amd64 JRE (1.8.0_251-b08), built on Mar 12 2020 06:31:49 by "" with MS VC++ 10.0 (VS2010)

time: Tue May 17 14:53:49 2022
timezone: GMT Daylight Time
elapsed time: 421 seconds (0d 0h 7m 1s)

